<?xml version="1.0" encoding="UTF-8"?>
<!-- Generated by org.testng.reporters.JUnitReportReporter -->
<testsuite hostname="ankush" failures="0" tests="1" name="test.TestCase04_CreateNewUsers" time="31.541" errors="0" timestamp="2024-05-24T03:16:41 IST" skipped="0">
  <testcase classname="test.TestCase04_CreateNewUsers" name="createUsers" time="31.541"/>
  <system-out/>
</testsuite> <!-- test.TestCase04_CreateNewUsers -->
