<?xml version="1.0" encoding="UTF-8"?>
<!-- Generated by org.testng.reporters.JUnitReportReporter -->
<testsuite hostname="ankush" failures="0" tests="1" name="test.Login" time="9.858" errors="0" timestamp="2024-05-24T01:24:48 IST" skipped="0">
  <testcase classname="test.Login" name="login" time="9.858"/>
  <system-out/>
</testsuite> <!-- test.Login -->
