<?xml version="1.0" encoding="UTF-8"?>
<!-- Generated by org.testng.reporters.JUnitReportReporter -->
<testsuite hostname="ankush" failures="0" tests="1" name="test.TestCase02_OpenTask" time="20.452" errors="0" timestamp="2024-05-24T01:45:44 IST" skipped="0">
  <testcase classname="test.TestCase02_OpenTask" name="testCase02_OpenTask" time="20.452"/>
  <system-out/>
</testsuite> <!-- test.TestCase02_OpenTask -->
