<?xml version="1.0" encoding="UTF-8"?>
<!-- Generated by org.testng.reporters.JUnitReportReporter -->
<testsuite hostname="ankush" failures="0" tests="1" name="test.TestCase03_OpenTask" time="19.938" errors="0" timestamp="2024-05-24T02:14:26 IST" skipped="0">
  <testcase classname="test.TestCase03_OpenTask" name="task" time="19.938"/>
  <system-out/>
</testsuite> <!-- test.TestCase03_OpenTask -->
