<?xml version="1.0" encoding="UTF-8"?>
<!-- Generated by org.testng.reporters.JUnitReportReporter -->
<testsuite hostname="ankush" failures="0" tests="1" name="SeleniumTest" time="10.045" errors="0" timestamp="2024-05-23T23:17:36 IST" skipped="0">
  <testcase classname="SeleniumTest" name="seleniumTest" time="10.045"/>
  <system-out/>
</testsuite> <!-- SeleniumTest -->
